[    18.514] (--) Log file renamed from "/home/bezmenovt/.local/share/xorg/Xorg.pid-933.log" to "/home/bezmenovt/.local/share/xorg/Xorg.0.log"
[    18.529] 
X.Org X Server 1.20.9
X Protocol Version 11, Revision 0
[    18.529] Build Operating System: Linux 4.15.0-140-generic x86_64 Ubuntu
[    18.529] Current Operating System: Linux bezmenovt-virtual-machine 5.8.0-59-generic #66~20.04.1-Ubuntu SMP Thu Jun 17 11:14:10 UTC 2021 x86_64
[    18.529] Kernel command line: BOOT_IMAGE=/boot/vmlinuz-5.8.0-59-generic root=UUID=fac54044-f678-4c44-9143-8d4bdb382096 ro quiet splash
[    18.529] Build Date: 08 April 2021  12:29:22PM
[    18.529] xorg-server 2:1.20.9-2ubuntu1.2~20.04.2 (For technical support please see http://www.ubuntu.com/support) 
[    18.529] Current version of pixman: 0.38.4
[    18.529] 	Before reporting problems, check http://wiki.x.org
	to make sure that you have the latest version.
[    18.529] Markers: (--) probed, (**) from config file, (==) default setting,
	(++) from command line, (!!) notice, (II) informational,
	(WW) warning, (EE) error, (NI) not implemented, (??) unknown.
[    18.529] (==) Log file: "/home/bezmenovt/.local/share/xorg/Xorg.0.log", Time: Mon Jul 12 14:08:09 2021
[    18.556] (==) Using system config directory "/usr/share/X11/xorg.conf.d"
[    18.726] (==) No Layout section.  Using the first Screen section.
[    18.726] (==) No screen section available. Using defaults.
[    18.726] (**) |-->Screen "Default Screen Section" (0)
[    18.726] (**) |   |-->Monitor "<default monitor>"
[    18.739] (==) No monitor specified for screen "Default Screen Section".
	Using a default monitor configuration.
[    18.739] (==) Automatically adding devices
[    18.739] (==) Automatically enabling devices
[    18.739] (==) Automatically adding GPU devices
[    18.739] (==) Automatically binding GPU devices
[    18.739] (==) Max clients allowed: 256, resource mask: 0x1fffff
[    19.114] (WW) The directory "/usr/share/fonts/X11/cyrillic" does not exist.
[    19.114] 	Entry deleted from font path.
[    19.114] (WW) The directory "/usr/share/fonts/X11/100dpi/" does not exist.
[    19.114] 	Entry deleted from font path.
[    19.114] (WW) The directory "/usr/share/fonts/X11/75dpi/" does not exist.
[    19.114] 	Entry deleted from font path.
[    19.115] (WW) The directory "/usr/share/fonts/X11/100dpi" does not exist.
[    19.115] 	Entry deleted from font path.
[    19.115] (WW) The directory "/usr/share/fonts/X11/75dpi" does not exist.
[    19.115] 	Entry deleted from font path.
[    19.115] (==) FontPath set to:
	/usr/share/fonts/X11/misc,
	/usr/share/fonts/X11/Type1,
	built-ins
[    19.115] (==) ModulePath set to "/usr/lib/xorg/modules"
[    19.115] (II) The server relies on udev to provide the list of input devices.
	If no devices become available, reconfigure udev or disable AutoAddDevices.
[    19.115] (II) Loader magic: 0x55f9443d7020
[    19.115] (II) Module ABI versions:
[    19.115] 	X.Org ANSI C Emulation: 0.4
[    19.115] 	X.Org Video Driver: 24.1
[    19.115] 	X.Org XInput driver : 24.1
[    19.115] 	X.Org Server Extension : 10.0
[    19.117] (++) using VT number 2

[    19.123] (II) systemd-logind: took control of session /org/freedesktop/login1/session/_31
[    19.125] (II) xfree86: Adding drm device (/dev/dri/card0)
[    19.127] (II) systemd-logind: got fd for /dev/dri/card0 226:0 fd 12 paused 0
[    19.140] (--) PCI:*(0@0:15:0) 15ad:0405:15ad:0405 rev 0, Mem @ 0xe8000000/134217728, 0xfe000000/8388608, I/O @ 0x00001070/16, BIOS @ 0x????????/131072
[    19.262] (II) LoadModule: "glx"
[    19.264] (II) Loading /usr/lib/xorg/modules/extensions/libglx.so
[    19.543] (II) Module glx: vendor="X.Org Foundation"
[    19.543] 	compiled for 1.20.9, module version = 1.0.0
[    19.543] 	ABI class: X.Org Server Extension, version 10.0
[    19.543] (==) Matched vmware as autoconfigured driver 0
[    19.543] (==) Matched modesetting as autoconfigured driver 1
[    19.543] (==) Matched fbdev as autoconfigured driver 2
[    19.543] (==) Matched vesa as autoconfigured driver 3
[    19.543] (==) Assigned the driver to the xf86ConfigLayout
[    19.543] (II) LoadModule: "vmware"
[    19.544] (II) Loading /usr/lib/xorg/modules/drivers/vmware_drv.so
[    23.186] (II) Module vmware: vendor="X.Org Foundation"
[    23.186] 	compiled for 1.20.8, module version = 13.3.0
[    23.186] 	Module class: X.Org Video Driver
[    23.186] 	ABI class: X.Org Video Driver, version 24.1
[    23.186] (II) LoadModule: "modesetting"
[    23.187] (II) Loading /usr/lib/xorg/modules/drivers/modesetting_drv.so
[    23.206] (II) Module modesetting: vendor="X.Org Foundation"
[    23.206] 	compiled for 1.20.9, module version = 1.20.9
[    23.206] 	Module class: X.Org Video Driver
[    23.206] 	ABI class: X.Org Video Driver, version 24.1
[    23.206] (II) LoadModule: "fbdev"
[    23.206] (II) Loading /usr/lib/xorg/modules/drivers/fbdev_drv.so
[    23.217] (II) Module fbdev: vendor="X.Org Foundation"
[    23.217] 	compiled for 1.20.1, module version = 0.5.0
[    23.217] 	Module class: X.Org Video Driver
[    23.217] 	ABI class: X.Org Video Driver, version 24.0
[    23.217] (II) LoadModule: "vesa"
[    23.218] (II) Loading /usr/lib/xorg/modules/drivers/vesa_drv.so
[    23.220] (II) Module vesa: vendor="X.Org Foundation"
[    23.220] 	compiled for 1.20.4, module version = 2.4.0
[    23.220] 	Module class: X.Org Video Driver
[    23.220] 	ABI class: X.Org Video Driver, version 24.0
[    23.220] (II) vmware: driver for VMware SVGA: vmware0405, vmware0710
[    23.220] (II) modesetting: Driver for Modesetting Kernel Drivers: kms
[    23.220] (II) FBDEV: driver for framebuffer: fbdev
[    23.220] (II) VESA: driver for VESA chipsets: vesa
[    23.220] xf86EnableIOPorts: failed to set IOPL for I/O (Operation not permitted)
[    23.220] (WW) Falling back to old probe method for modesetting
[    23.220] (WW) Falling back to old probe method for fbdev
[    23.220] (II) Loading sub module "fbdevhw"
[    23.221] (II) LoadModule: "fbdevhw"
[    23.221] (II) Loading /usr/lib/xorg/modules/libfbdevhw.so
[    23.250] (II) Module fbdevhw: vendor="X.Org Foundation"
[    23.250] 	compiled for 1.20.9, module version = 0.0.2
[    23.250] 	ABI class: X.Org Video Driver, version 24.1
[    23.250] (EE) open /dev/fb0: Permission denied
[    23.250] (WW) VGA arbiter: cannot open kernel arbiter, no multi-card support
[    23.251] (II) vmware(0): Creating default Display subsection in Screen section
	"Default Screen Section" for depth/fbbpp 24/32
[    23.251] (--) vmware(0): DRM driver version is 2.18.0
[    23.251] (==) vmware(0): Depth 24, (--) framebuffer bpp 32
[    23.251] (==) vmware(0): RGB weight 888
[    23.251] (==) vmware(0): Default visual is TrueColor
[    23.251] (--) vmware(0): Min width 1, Max Width 8192.
[    23.251] (--) vmware(0): Min height 1, Max Height 8192.
[    23.252] (II) vmware(0): Output Virtual1 has no monitor section
[    23.252] (II) vmware(0): Output Virtual2 has no monitor section
[    23.252] (II) vmware(0): Output Virtual3 has no monitor section
[    23.252] (II) vmware(0): Output Virtual4 has no monitor section
[    23.252] (II) vmware(0): Output Virtual5 has no monitor section
[    23.252] (II) vmware(0): Output Virtual6 has no monitor section
[    23.252] (II) vmware(0): Output Virtual7 has no monitor section
[    23.252] (II) vmware(0): Output Virtual8 has no monitor section
[    23.253] (II) vmware(0): Printing probed modes for output Virtual1
[    23.253] (II) vmware(0): Modeline "800x600"x60.0   42.75  800 850 900 950  600 650 700 750 -hsync +vsync (45.0 kHz eP)
[    23.253] (II) vmware(0): Modeline "2560x1600"x60.0  348.50  2560 2752 3032 3504  1600 1603 1609 1658 -hsync +vsync (99.5 kHz e)
[    23.253] (II) vmware(0): Modeline "1920x1440"x60.0  234.00  1920 2048 2256 2600  1440 1441 1444 1500 -hsync +vsync (90.0 kHz e)
[    23.253] (II) vmware(0): Modeline "1856x1392"x60.0  218.25  1856 1952 2176 2528  1392 1393 1396 1439 -hsync +vsync (86.3 kHz e)
[    23.253] (II) vmware(0): Modeline "1792x1344"x60.0  204.75  1792 1920 2120 2448  1344 1345 1348 1394 -hsync +vsync (83.6 kHz e)
[    23.253] (II) vmware(0): Modeline "1920x1200"x59.9  193.25  1920 2056 2256 2592  1200 1203 1209 1245 -hsync +vsync (74.6 kHz e)
[    23.254] (II) vmware(0): Modeline "1600x1200"x60.0  162.00  1600 1664 1856 2160  1200 1201 1204 1250 +hsync +vsync (75.0 kHz e)
[    23.254] (II) vmware(0): Modeline "1680x1050"x60.0  146.25  1680 1784 1960 2240  1050 1053 1059 1089 -hsync +vsync (65.3 kHz e)
[    23.254] (II) vmware(0): Modeline "1400x1050"x60.0  121.75  1400 1488 1632 1864  1050 1053 1057 1089 -hsync +vsync (65.3 kHz e)
[    23.254] (II) vmware(0): Modeline "1280x1024"x60.0  108.00  1280 1328 1440 1688  1024 1025 1028 1066 +hsync +vsync (64.0 kHz e)
[    23.254] (II) vmware(0): Modeline "1440x900"x59.9  106.50  1440 1520 1672 1904  900 903 909 934 -hsync +vsync (55.9 kHz e)
[    23.254] (II) vmware(0): Modeline "1280x960"x60.0  108.00  1280 1376 1488 1800  960 961 964 1000 +hsync +vsync (60.0 kHz e)
[    23.254] (II) vmware(0): Modeline "1360x768"x60.0   85.50  1360 1424 1536 1792  768 771 777 795 +hsync +vsync (47.7 kHz e)
[    23.254] (II) vmware(0): Modeline "1280x800"x59.8   83.50  1280 1352 1480 1680  800 803 809 831 +hsync -vsync (49.7 kHz e)
[    23.254] (II) vmware(0): Modeline "1152x864"x75.0  108.00  1152 1216 1344 1600  864 865 868 900 +hsync +vsync (67.5 kHz e)
[    23.254] (II) vmware(0): Modeline "1280x768"x59.9   79.50  1280 1344 1472 1664  768 771 778 798 -hsync +vsync (47.8 kHz e)
[    23.254] (II) vmware(0): Modeline "1024x768"x60.0   65.00  1024 1048 1184 1344  768 771 777 806 -hsync -vsync (48.4 kHz e)
[    23.254] (II) vmware(0): Modeline "800x600"x60.3   40.00  800 840 968 1056  600 601 605 628 +hsync +vsync (37.9 kHz e)
[    23.254] (II) vmware(0): Modeline "640x480"x59.9   25.18  640 656 752 800  480 489 492 525 -hsync -vsync (31.5 kHz e)
[    23.254] (II) vmware(0): EDID for output Virtual2
[    23.254] (II) vmware(0): EDID for output Virtual3
[    23.254] (II) vmware(0): EDID for output Virtual4
[    23.254] (II) vmware(0): EDID for output Virtual5
[    23.254] (II) vmware(0): EDID for output Virtual6
[    23.254] (II) vmware(0): EDID for output Virtual7
[    23.254] (II) vmware(0): EDID for output Virtual8
[    23.254] (II) vmware(0): Output Virtual1 connected
[    23.254] (II) vmware(0): Output Virtual2 disconnected
[    23.254] (II) vmware(0): Output Virtual3 disconnected
[    23.254] (II) vmware(0): Output Virtual4 disconnected
[    23.254] (II) vmware(0): Output Virtual5 disconnected
[    23.254] (II) vmware(0): Output Virtual6 disconnected
[    23.255] (II) vmware(0): Output Virtual7 disconnected
[    23.255] (II) vmware(0): Output Virtual8 disconnected
[    23.255] (II) vmware(0): Using exact sizes for initial modes
[    23.255] (II) vmware(0): Output Virtual1 using initial mode 800x600 +0+0
[    23.255] (==) vmware(0): DPI set to (96, 96)
[    23.255] (==) vmware(0): Using gamma correction (1.0, 1.0, 1.0)
[    23.255] (II) Loading sub module "fb"
[    23.255] (II) LoadModule: "fb"
[    23.255] (II) Loading /usr/lib/xorg/modules/libfb.so
[    23.265] (II) Module fb: vendor="X.Org Foundation"
[    23.265] 	compiled for 1.20.9, module version = 1.0.0
[    23.265] 	ABI class: X.Org ANSI C Emulation, version 0.4
[    23.265] (II) Loading sub module "dri2"
[    23.265] (II) LoadModule: "dri2"
[    23.265] (II) Module "dri2" already built-in
[    23.265] (II) Loading sub module "dri3"
[    23.265] (II) LoadModule: "dri3"
[    23.266] (II) Module "dri3" already built-in
[    23.266] (II) UnloadModule: "modesetting"
[    23.266] (II) Unloading modesetting
[    23.266] (II) UnloadModule: "fbdev"
[    23.266] (II) Unloading fbdev
[    23.266] (II) UnloadSubModule: "fbdevhw"
[    23.266] (II) Unloading fbdevhw
[    23.266] (II) UnloadModule: "vesa"
[    23.266] (II) Unloading vesa
[    23.285] (II) vmware(0): Initialized VMWARE_CTRL extension version 0.2
[    23.439] (WW) vmware(0): Failed to initialize Gallium3D Xa. No render acceleration available.
[    23.439] (WW) vmware(0): Skipped initialization of direct rendering due to lack of render acceleration.
[    23.439] (--) vmware(0): Render acceleration is disabled.
[    23.439] (==) vmware(0): Rendercheck mode is disabled.
[    23.439] (--) vmware(0): Direct rendering (DRI2 3D) is disabled.
[    23.439] (--) vmware(0): Direct rendering (DRI3 3D) is disabled.
[    23.439] (==) vmware(0): Backing store enabled
[    23.439] (==) vmware(0): Silken mouse enabled
[    23.443] (==) vmware(0): DPMS enabled
[    23.443] (II) vmware(0): No 3D acceleration. Not setting up textured video.
[    23.443] (II) Initializing extension Generic Event Extension
[    23.444] (II) Initializing extension SHAPE
[    23.444] (II) Initializing extension MIT-SHM
[    23.445] (II) Initializing extension XInputExtension
[    23.447] (II) Initializing extension XTEST
[    23.448] (II) Initializing extension BIG-REQUESTS
[    23.448] (II) Initializing extension SYNC
[    23.449] (II) Initializing extension XKEYBOARD
[    23.450] (II) Initializing extension XC-MISC
[    23.450] (II) Initializing extension SECURITY
[    23.451] (II) Initializing extension XFIXES
[    23.451] (II) Initializing extension RENDER
[    23.452] (II) Initializing extension RANDR
[    23.453] (II) Initializing extension COMPOSITE
[    23.453] (II) Initializing extension DAMAGE
[    23.453] (II) Initializing extension MIT-SCREEN-SAVER
[    23.454] (II) Initializing extension DOUBLE-BUFFER
[    23.454] (II) Initializing extension RECORD
[    23.455] (II) Initializing extension DPMS
[    23.455] (II) Initializing extension Present
[    23.455] (II) Initializing extension DRI3
[    23.455] (II) Initializing extension X-Resource
[    23.456] (II) Initializing extension XVideo
[    23.456] (II) Initializing extension XVideo-MotionCompensation
[    23.456] (II) Initializing extension SELinux
[    23.456] (II) SELinux: Disabled on system
[    23.456] (II) Initializing extension GLX
[    23.474] (II) AIGLX: Screen 0 is not DRI2 capable
[    24.412] (II) IGLX: Loaded and initialized swrast
[    24.412] (II) GLX: Initialized DRISWRAST GL provider for screen 0
[    24.412] (II) Initializing extension XFree86-VidModeExtension
[    24.413] (II) Initializing extension XFree86-DGA
[    24.414] (II) Initializing extension XFree86-DRI
[    24.414] (II) Initializing extension DRI2
[    24.421] (II) vmware(0): Setting screen physical size to 211 x 158
[    24.980] (II) config/udev: Adding input device Power Button (/dev/input/event0)
[    24.980] (**) Power Button: Applying InputClass "libinput keyboard catchall"
[    24.980] (II) LoadModule: "libinput"
[    24.980] (II) Loading /usr/lib/xorg/modules/input/libinput_drv.so
[    25.182] (II) Module libinput: vendor="X.Org Foundation"
[    25.182] 	compiled for 1.20.4, module version = 0.29.0
[    25.182] 	Module class: X.Org XInput Driver
[    25.182] 	ABI class: X.Org XInput driver, version 24.1
[    25.182] (II) Using input driver 'libinput' for 'Power Button'
[    25.185] (II) systemd-logind: got fd for /dev/input/event0 13:64 fd 20 paused 0
[    25.186] (**) Power Button: always reports core events
[    25.186] (**) Option "Device" "/dev/input/event0"
[    25.186] (**) Option "_source" "server/udev"
[    25.491] (II) event0  - Power Button: is tagged by udev as: Keyboard
[    25.491] (II) event0  - Power Button: device is a keyboard
[    25.491] (II) event0  - Power Button: device removed
[    25.491] (**) Option "config_info" "udev:/sys/devices/LNXSYSTM:00/LNXPWRBN:00/input/input0/event0"
[    25.492] (II) XINPUT: Adding extended input device "Power Button" (type: KEYBOARD, id 6)
[    25.492] (**) Option "xkb_model" "pc105"
[    25.492] (**) Option "xkb_layout" "us,ru"
[    25.492] (**) Option "xkb_variant" ","
[    25.492] (**) Option "xkb_options" "grp_led:scroll"
[    25.680] (II) event0  - Power Button: is tagged by udev as: Keyboard
[    25.680] (II) event0  - Power Button: device is a keyboard
[    25.685] (II) config/udev: Adding input device VMware VMware Virtual USB Mouse (/dev/input/event4)
[    25.685] (**) VMware VMware Virtual USB Mouse: Applying InputClass "libinput pointer catchall"
[    25.685] (II) Using input driver 'libinput' for 'VMware VMware Virtual USB Mouse'
[    25.747] (II) systemd-logind: got fd for /dev/input/event4 13:68 fd 23 paused 0
[    25.747] (**) VMware VMware Virtual USB Mouse: always reports core events
[    25.747] (**) Option "Device" "/dev/input/event4"
[    25.747] (**) Option "_source" "server/udev"
[    25.753] (II) event4  - VMware VMware Virtual USB Mouse: is tagged by udev as: Mouse
[    25.754] (II) event4  - VMware VMware Virtual USB Mouse: device is a pointer
[    25.754] (II) event4  - VMware VMware Virtual USB Mouse: device removed
[    25.755] (**) Option "config_info" "udev:/sys/devices/pci0000:00/0000:00:11.0/0000:02:00.0/usb2/2-1/2-1:1.0/0003:0E0F:0003.0001/input/input5/event4"
[    25.755] (II) XINPUT: Adding extended input device "VMware VMware Virtual USB Mouse" (type: MOUSE, id 7)
[    25.755] (**) Option "AccelerationScheme" "none"
[    25.755] (**) VMware VMware Virtual USB Mouse: (accel) selected scheme none/0
[    25.755] (**) VMware VMware Virtual USB Mouse: (accel) acceleration factor: 2.000
[    25.755] (**) VMware VMware Virtual USB Mouse: (accel) acceleration threshold: 4
[    25.760] (II) event4  - VMware VMware Virtual USB Mouse: is tagged by udev as: Mouse
[    25.760] (II) event4  - VMware VMware Virtual USB Mouse: device is a pointer
[    25.763] (II) config/udev: Adding input device VMware VMware Virtual USB Mouse (/dev/input/mouse2)
[    25.763] (II) No input driver specified, ignoring this device.
[    25.763] (II) This device may have been added with another device file.
[    25.765] (II) config/udev: Adding input device AT Translated Set 2 keyboard (/dev/input/event1)
[    25.765] (**) AT Translated Set 2 keyboard: Applying InputClass "libinput keyboard catchall"
[    25.765] (II) Using input driver 'libinput' for 'AT Translated Set 2 keyboard'
[    25.768] (II) systemd-logind: got fd for /dev/input/event1 13:65 fd 24 paused 0
[    25.768] (**) AT Translated Set 2 keyboard: always reports core events
[    25.768] (**) Option "Device" "/dev/input/event1"
[    25.768] (**) Option "_source" "server/udev"
[    25.771] (II) event1  - AT Translated Set 2 keyboard: is tagged by udev as: Keyboard
[    25.771] (II) event1  - AT Translated Set 2 keyboard: device is a keyboard
[    25.772] (II) event1  - AT Translated Set 2 keyboard: device removed
[    25.772] (**) Option "config_info" "udev:/sys/devices/platform/i8042/serio0/input/input1/event1"
[    25.772] (II) XINPUT: Adding extended input device "AT Translated Set 2 keyboard" (type: KEYBOARD, id 8)
[    25.772] (**) Option "xkb_model" "pc105"
[    25.772] (**) Option "xkb_layout" "us,ru"
[    25.772] (**) Option "xkb_variant" ","
[    25.772] (**) Option "xkb_options" "grp_led:scroll"
[    25.776] (II) event1  - AT Translated Set 2 keyboard: is tagged by udev as: Keyboard
[    25.776] (II) event1  - AT Translated Set 2 keyboard: device is a keyboard
[    25.779] (II) config/udev: Adding input device VirtualPS/2 VMware VMMouse (/dev/input/event3)
[    25.779] (**) VirtualPS/2 VMware VMMouse: Applying InputClass "libinput pointer catchall"
[    25.779] (II) Using input driver 'libinput' for 'VirtualPS/2 VMware VMMouse'
[    25.782] (II) systemd-logind: got fd for /dev/input/event3 13:67 fd 25 paused 0
[    25.782] (**) VirtualPS/2 VMware VMMouse: always reports core events
[    25.782] (**) Option "Device" "/dev/input/event3"
[    25.782] (**) Option "_source" "server/udev"
[    25.784] (II) event3  - VirtualPS/2 VMware VMMouse: is tagged by udev as: Mouse
[    25.785] (II) event3  - VirtualPS/2 VMware VMMouse: device is a pointer
[    25.785] (II) event3  - VirtualPS/2 VMware VMMouse: device removed
[    25.785] (**) Option "config_info" "udev:/sys/devices/platform/i8042/serio1/input/input3/event3"
[    25.785] (II) XINPUT: Adding extended input device "VirtualPS/2 VMware VMMouse" (type: MOUSE, id 9)
[    25.785] (**) Option "AccelerationScheme" "none"
[    25.785] (**) VirtualPS/2 VMware VMMouse: (accel) selected scheme none/0
[    25.785] (**) VirtualPS/2 VMware VMMouse: (accel) acceleration factor: 2.000
[    25.785] (**) VirtualPS/2 VMware VMMouse: (accel) acceleration threshold: 4
[    25.787] (II) event3  - VirtualPS/2 VMware VMMouse: is tagged by udev as: Mouse
[    25.787] (II) event3  - VirtualPS/2 VMware VMMouse: device is a pointer
[    25.788] (II) config/udev: Adding input device VirtualPS/2 VMware VMMouse (/dev/input/mouse1)
[    25.788] (II) No input driver specified, ignoring this device.
[    25.788] (II) This device may have been added with another device file.
[    25.789] (II) config/udev: Adding input device VirtualPS/2 VMware VMMouse (/dev/input/event2)
[    25.789] (**) VirtualPS/2 VMware VMMouse: Applying InputClass "libinput pointer catchall"
[    25.789] (II) Using input driver 'libinput' for 'VirtualPS/2 VMware VMMouse'
[    25.790] (II) systemd-logind: got fd for /dev/input/event2 13:66 fd 26 paused 0
[    25.790] (**) VirtualPS/2 VMware VMMouse: always reports core events
[    25.790] (**) Option "Device" "/dev/input/event2"
[    25.791] (**) Option "_source" "server/udev"
[    25.792] (II) event2  - VirtualPS/2 VMware VMMouse: is tagged by udev as: Mouse
[    25.793] (II) event2  - VirtualPS/2 VMware VMMouse: device is a pointer
[    25.793] (II) event2  - VirtualPS/2 VMware VMMouse: device removed
[    25.793] (**) Option "config_info" "udev:/sys/devices/platform/i8042/serio1/input/input4/event2"
[    25.793] (II) XINPUT: Adding extended input device "VirtualPS/2 VMware VMMouse" (type: MOUSE, id 10)
[    25.793] (**) Option "AccelerationScheme" "none"
[    25.793] (**) VirtualPS/2 VMware VMMouse: (accel) selected scheme none/0
[    25.794] (**) VirtualPS/2 VMware VMMouse: (accel) acceleration factor: 2.000
[    25.794] (**) VirtualPS/2 VMware VMMouse: (accel) acceleration threshold: 4
[    25.795] (II) event2  - VirtualPS/2 VMware VMMouse: is tagged by udev as: Mouse
[    25.796] (II) event2  - VirtualPS/2 VMware VMMouse: device is a pointer
[    25.796] (II) config/udev: Adding input device VirtualPS/2 VMware VMMouse (/dev/input/mouse0)
[    25.796] (II) No input driver specified, ignoring this device.
[    25.796] (II) This device may have been added with another device file.
[    54.239] (!!) vmware(0): New layout.
[    54.239] (!!) vmware(0): 0: 0 0 1680 1050
[    54.239] (!!) vmware(0): 
[    54.266] (EE) No surface to present from.
